# JRE version: OpenJDK Runtime Environment (8.0_252-b09) (build 1.8.0_252-b09)
# Java VM: OpenJDK 64-Bit Server VM (25.252-b09 mixed mode bsd-amd64 compressed oops)
Heap:
 PSYoungGen      total 741376K, used 122871K [0x000000076ab00000, 0x000000079a980000, 0x00000007c0000000)
  eden space 726528K, 14% used [0x000000076ab00000,0x00000007714cba00,0x0000000797080000)
  from space 14848K, 97% used [0x0000000799b00000,0x000000079a9323c0,0x000000079a980000)
  to   space 27136K, 0% used [0x0000000797480000,0x0000000797480000,0x0000000798f00000)
 ParOldGen       total 259584K, used 74666K [0x00000006c0000000, 0x00000006cfd80000, 0x000000076ab00000)
  object space 259584K, 28% used [0x00000006c0000000,0x00000006c48ea930,0x00000006cfd80000)
 Metaspace       used 58685K, capacity 77842K, committed 78080K, reserved 1105920K
  class space    used 15436K, capacity 21941K, committed 22016K, reserved 1048576K
GC Heap History (10 events):
Event: 13.531 GC heap before
{Heap before GC invocations=13 (full 2):
 PSYoungGen      total 536576K, used 452829K [0x000000076ab00000, 0x0000000795700000, 0x00000007c0000000)
  eden space 512000K, 85% used [0x000000076ab00000,0x0000000785772e18,0x0000000789f00000)
  from space 24576K, 57% used [0x000000078b680000,0x000000078c444730,0x000000078ce80000)
  to   space 24064K, 0% used [0x0000000789f00000,0x0000000789f00000,0x000000078b680000)
 ParOldGen       total 193024K, used 54209K [0x00000006c0000000, 0x00000006cbc80000, 0x000000076ab00000)
  object space 193024K, 28% used [0x00000006c0000000,0x00000006c34f07a0,0x00000006cbc80000)
 Metaspace       used 47062K, capacity 59052K, committed 59160K, reserved 1091584K
  class space    used 12002K, capacity 16255K, committed 16256K, reserved 1048576K
Event: 13.550 GC heap after
Heap after GC invocations=13 (full 2):
 PSYoungGen      total 536064K, used 24061K [0x000000076ab00000, 0x0000000795c00000, 0x00000007c0000000)
  eden space 512000K, 0% used [0x000000076ab00000,0x000000076ab00000,0x0000000789f00000)
  from space 24064K, 99% used [0x0000000789f00000,0x000000078b67f528,0x000000078b680000)
  to   space 27648K, 0% used [0x0000000794100000,0x0000000794100000,0x0000000795c00000)
 ParOldGen       total 193024K, used 55707K [0x00000006c0000000, 0x00000006cbc80000, 0x000000076ab00000)
  object space 193024K, 28% used [0x00000006c0000000,0x00000006c3666d70,0x00000006cbc80000)
 Metaspace       used 47062K, capacity 59052K, committed 59160K, reserved 1091584K
  class space    used 12002K, capacity 16255K, committed 16256K, reserved 1048576K
}
Event: 13.550 GC heap before
{Heap before GC invocations=14 (full 3):
 PSYoungGen      total 536064K, used 24061K [0x000000076ab00000, 0x0000000795c00000, 0x00000007c0000000)
  eden space 512000K, 0% used [0x000000076ab00000,0x000000076ab00000,0x0000000789f00000)
  from space 24064K, 99% used [0x0000000789f00000,0x000000078b67f528,0x000000078b680000)
  to   space 27648K, 0% used [0x0000000794100000,0x0000000794100000,0x0000000795c00000)
 ParOldGen       total 193024K, used 55707K [0x00000006c0000000, 0x00000006cbc80000, 0x000000076ab00000)
  object space 193024K, 28% used [0x00000006c0000000,0x00000006c3666d70,0x00000006cbc80000)
 Metaspace       used 47062K, capacity 59052K, committed 59160K, reserved 1091584K
  class space    used 12002K, capacity 16255K, committed 16256K, reserved 1048576K
Event: 13.800 GC heap after
Heap after GC invocations=14 (full 3):
 PSYoungGen      total 536064K, used 0K [0x000000076ab00000, 0x0000000795c00000, 0x00000007c0000000)
  eden space 512000K, 0% used [0x000000076ab00000,0x000000076ab00000,0x0000000789f00000)
  from space 24064K, 0% used [0x0000000789f00000,0x0000000789f00000,0x000000078b680000)
  to   space 27648K, 0% used [0x0000000794100000,0x0000000794100000,0x0000000795c00000)
 ParOldGen       total 259584K, used 74642K [0x00000006c0000000, 0x00000006cfd80000, 0x000000076ab00000)
  object space 259584K, 28% used [0x00000006c0000000,0x00000006c48e4930,0x00000006cfd80000)
 Metaspace       used 47062K, capacity 59052K, committed 59160K, reserved 1091584K
  class space    used 12002K, capacity 16255K, committed 16256K, reserved 1048576K
}
Event: 14.131 GC heap before
{Heap before GC invocations=15 (full 3):
 PSYoungGen      total 536064K, used 512000K [0x000000076ab00000, 0x0000000795c00000, 0x00000007c0000000)
  eden space 512000K, 100% used [0x000000076ab00000,0x0000000789f00000,0x0000000789f00000)
  from space 24064K, 0% used [0x0000000789f00000,0x0000000789f00000,0x000000078b680000)
  to   space 27648K, 0% used [0x0000000794100000,0x0000000794100000,0x0000000795c00000)
 ParOldGen       total 259584K, used 74642K [0x00000006c0000000, 0x00000006cfd80000, 0x000000076ab00000)
  object space 259584K, 28% used [0x00000006c0000000,0x00000006c48e4930,0x00000006cfd80000)
 Metaspace       used 47189K, capacity 59256K, committed 59392K, reserved 1091584K
  class space    used 12039K, capacity 16299K, committed 16384K, reserved 1048576K
Event: 14.134 GC heap after
Heap after GC invocations=15 (full 3):
 PSYoungGen      total 624640K, used 1664K [0x000000076ab00000, 0x0000000794300000, 0x00000007c0000000)
  eden space 622592K, 0% used [0x000000076ab00000,0x000000076ab00000,0x0000000790b00000)
  from space 2048K, 81% used [0x0000000794100000,0x00000007942a0000,0x0000000794300000)
  to   space 28160K, 0% used [0x0000000790c00000,0x0000000790c00000,0x0000000792780000)
 ParOldGen       total 259584K, used 74650K [0x00000006c0000000, 0x00000006cfd80000, 0x000000076ab00000)
  object space 259584K, 28% used [0x00000006c0000000,0x00000006c48e6930,0x00000006cfd80000)
 Metaspace       used 47189K, capacity 59256K, committed 59392K, reserved 1091584K
  class space    used 12039K, capacity 16299K, committed 16384K, reserved 1048576K
}
Event: 15.078 GC heap before
{Heap before GC invocations=16 (full 3):
 PSYoungGen      total 624640K, used 624256K [0x000000076ab00000, 0x0000000794300000, 0x00000007c0000000)
  eden space 622592K, 100% used [0x000000076ab00000,0x0000000790b00000,0x0000000790b00000)
  from space 2048K, 81% used [0x0000000794100000,0x00000007942a0000,0x0000000794300000)
  to   space 28160K, 0% used [0x0000000790c00000,0x0000000790c00000,0x0000000792780000)
 ParOldGen       total 259584K, used 74650K [0x00000006c0000000, 0x00000006cfd80000, 0x000000076ab00000)
  object space 259584K, 28% used [0x00000006c0000000,0x00000006c48e6930,0x00000006cfd80000)
 Metaspace       used 50263K, capacity 64118K, committed 64384K, reserved 1095680K
  class space    used 12968K, capacity 17773K, committed 17792K, reserved 1048576K
Event: 15.086 GC heap after
Heap after GC invocations=16 (full 3):
 PSYoungGen      total 651776K, used 8344K [0x000000076ab00000, 0x000000079b600000, 0x00000007c0000000)
  eden space 623616K, 0% used [0x000000076ab00000,0x000000076ab00000,0x0000000790c00000)
  from space 28160K, 29% used [0x0000000790c00000,0x0000000791426190,0x0000000792780000)
  to   space 27648K, 0% used [0x0000000799b00000,0x0000000799b00000,0x000000079b600000)
 ParOldGen       total 259584K, used 74658K [0x00000006c0000000, 0x00000006cfd80000, 0x000000076ab00000)
  object space 259584K, 28% used [0x00000006c0000000,0x00000006c48e8930,0x00000006cfd80000)
 Metaspace       used 50263K, capacity 64118K, committed 64384K, reserved 1095680K
  class space    used 12968K, capacity 17773K, committed 17792K, reserved 1048576K
}
Event: 18.328 GC heap before
{Heap before GC invocations=17 (full 3):
 PSYoungGen      total 651776K, used 631960K [0x000000076ab00000, 0x000000079b600000, 0x00000007c0000000)
  eden space 623616K, 100% used [0x000000076ab00000,0x0000000790c00000,0x0000000790c00000)
  from space 28160K, 29% used [0x0000000790c00000,0x0000000791426190,0x0000000792780000)
  to   space 27648K, 0% used [0x0000000799b00000,0x0000000799b00000,0x000000079b600000)
 ParOldGen       total 259584K, used 74658K [0x00000006c0000000, 0x00000006cfd80000, 0x000000076ab00000)
  object space 259584K, 28% used [0x00000006c0000000,0x00000006c48e8930,0x00000006cfd80000)
 Metaspace       used 57297K, capacity 75716K, committed 75904K, reserved 1103872K
  class space    used 14987K, capacity 21259K, committed 21376K, reserved 1048576K
Event: 18.343 GC heap after
Heap after GC invocations=17 (full 3):
 PSYoungGen      total 741376K, used 14536K [0x000000076ab00000, 0x000000079a980000, 0x00000007c0000000)
  eden space 726528K, 0% used [0x000000076ab00000,0x000000076ab00000,0x0000000797080000)
  from space 14848K, 97% used [0x0000000799b00000,0x000000079a9323c0,0x000000079a980000)
  to   space 27136K, 0% used [0x0000000797480000,0x0000000797480000,0x0000000798f00000)
 ParOldGen       total 259584K, used 74666K [0x00000006c0000000, 0x00000006cfd80000, 0x000000076ab00000)
  object space 259584K, 28% used [0x00000006c0000000,0x00000006c48ea930,0x00000006cfd80000)
 Metaspace       used 57297K, capacity 75716K, committed 75904K, reserved 1103872K
  class space    used 14987K, capacity 21259K, committed 21376K, reserved 1048576K
}

