# JRE version: OpenJDK Runtime Environment (8.0_252-b09) (build 1.8.0_252-b09)
# Java VM: OpenJDK 64-Bit Server VM (25.252-b09 mixed mode bsd-amd64 compressed oops)
Heap:
 PSYoungGen      total 700928K, used 651944K [0x000000076ab00000, 0x000000079f600000, 0x00000007c0000000)
  eden space 671232K, 95% used [0x000000076ab00000,0x0000000791ea8048,0x0000000793a80000)
  from space 29696K, 31% used [0x0000000793a80000,0x00000007943821a0,0x0000000795780000)
  to   space 29184K, 0% used [0x000000079d980000,0x000000079d980000,0x000000079f600000)
 ParOldGen       total 250880K, used 74675K [0x00000006c0000000, 0x00000006cf500000, 0x000000076ab00000)
  object space 250880K, 29% used [0x00000006c0000000,0x00000006c48ecce0,0x00000006cf500000)
 Metaspace       used 58678K, capacity 77850K, committed 78080K, reserved 1105920K
  class space    used 15435K, capacity 21941K, committed 22016K, reserved 1048576K
GC Heap History (10 events):
Event: 10.445 GC heap before
{Heap before GC invocations=12 (full 2):
 PSYoungGen      total 522752K, used 495104K [0x000000076ab00000, 0x000000078f600000, 0x00000007c0000000)
  eden space 495104K, 100% used [0x000000076ab00000,0x0000000788e80000,0x0000000788e80000)
  from space 27648K, 0% used [0x0000000788e80000,0x0000000788e80000,0x000000078a980000)
  to   space 27136K, 0% used [0x000000078db80000,0x000000078db80000,0x000000078f600000)
 ParOldGen       total 187392K, used 54180K [0x00000006c0000000, 0x00000006cb700000, 0x000000076ab00000)
  object space 187392K, 28% used [0x00000006c0000000,0x00000006c34e9288,0x00000006cb700000)
 Metaspace       used 41512K, capacity 51060K, committed 51200K, reserved 1087488K
  class space    used 10139K, capacity 13489K, committed 13568K, reserved 1048576K
Event: 10.459 GC heap after
Heap after GC invocations=12 (full 2):
 PSYoungGen      total 575488K, used 13845K [0x000000076ab00000, 0x0000000795380000, 0x00000007c0000000)
  eden space 548352K, 0% used [0x000000076ab00000,0x000000076ab00000,0x000000078c280000)
  from space 27136K, 51% used [0x000000078db80000,0x000000078e9057f8,0x000000078f600000)
  to   space 25600K, 0% used [0x000000078c280000,0x000000078c280000,0x000000078db80000)
 ParOldGen       total 187392K, used 54188K [0x00000006c0000000, 0x00000006cb700000, 0x000000076ab00000)
  object space 187392K, 28% used [0x00000006c0000000,0x00000006c34eb288,0x00000006cb700000)
 Metaspace       used 41512K, capacity 51060K, committed 51200K, reserved 1087488K
  class space    used 10139K, capacity 13489K, committed 13568K, reserved 1048576K
}
Event: 12.785 GC heap before
{Heap before GC invocations=13 (full 2):
 PSYoungGen      total 575488K, used 461545K [0x000000076ab00000, 0x0000000795380000, 0x00000007c0000000)
  eden space 548352K, 81% used [0x000000076ab00000,0x0000000786034f20,0x000000078c280000)
  from space 27136K, 51% used [0x000000078db80000,0x000000078e9057f8,0x000000078f600000)
  to   space 25600K, 0% used [0x000000078c280000,0x000000078c280000,0x000000078db80000)
 ParOldGen       total 187392K, used 54188K [0x00000006c0000000, 0x00000006cb700000, 0x000000076ab00000)
  object space 187392K, 28% used [0x00000006c0000000,0x00000006c34eb288,0x00000006cb700000)
 Metaspace       used 47049K, capacity 59060K, committed 59160K, reserved 1091584K
  class space    used 12002K, capacity 16255K, committed 16256K, reserved 1048576K
Event: 12.806 GC heap after
Heap after GC invocations=13 (full 2):
 PSYoungGen      total 573952K, used 25590K [0x000000076ab00000, 0x0000000798d00000, 0x00000007c0000000)
  eden space 548352K, 0% used [0x000000076ab00000,0x000000076ab00000,0x000000078c280000)
  from space 25600K, 99% used [0x000000078c280000,0x000000078db7db80,0x000000078db80000)
  to   space 29184K, 0% used [0x0000000797080000,0x0000000797080000,0x0000000798d00000)
 ParOldGen       total 187392K, used 54372K [0x00000006c0000000, 0x00000006cb700000, 0x000000076ab00000)
  object space 187392K, 29% used [0x00000006c0000000,0x00000006c3519288,0x00000006cb700000)
 Metaspace       used 47049K, capacity 59060K, committed 59160K, reserved 1091584K
  class space    used 12002K, capacity 16255K, committed 16256K, reserved 1048576K
}
Event: 12.806 GC heap before
{Heap before GC invocations=14 (full 3):
 PSYoungGen      total 573952K, used 25590K [0x000000076ab00000, 0x0000000798d00000, 0x00000007c0000000)
  eden space 548352K, 0% used [0x000000076ab00000,0x000000076ab00000,0x000000078c280000)
  from space 25600K, 99% used [0x000000078c280000,0x000000078db7db80,0x000000078db80000)
  to   space 29184K, 0% used [0x0000000797080000,0x0000000797080000,0x0000000798d00000)
 ParOldGen       total 187392K, used 54372K [0x00000006c0000000, 0x00000006cb700000, 0x000000076ab00000)
  object space 187392K, 29% used [0x00000006c0000000,0x00000006c3519288,0x00000006cb700000)
 Metaspace       used 47049K, capacity 59060K, committed 59160K, reserved 1091584K
  class space    used 12002K, capacity 16255K, committed 16256K, reserved 1048576K
Event: 13.053 GC heap after
Heap after GC invocations=14 (full 3):
 PSYoungGen      total 573952K, used 0K [0x000000076ab00000, 0x0000000798d00000, 0x00000007c0000000)
  eden space 548352K, 0% used [0x000000076ab00000,0x000000076ab00000,0x000000078c280000)
  from space 25600K, 0% used [0x000000078c280000,0x000000078c280000,0x000000078db80000)
  to   space 29184K, 0% used [0x0000000797080000,0x0000000797080000,0x0000000798d00000)
 ParOldGen       total 250880K, used 74659K [0x00000006c0000000, 0x00000006cf500000, 0x000000076ab00000)
  object space 250880K, 29% used [0x00000006c0000000,0x00000006c48e8ce0,0x00000006cf500000)
 Metaspace       used 47049K, capacity 59060K, committed 59160K, reserved 1091584K
  class space    used 12002K, capacity 16255K, committed 16256K, reserved 1048576K
}
Event: 13.418 GC heap before
{Heap before GC invocations=15 (full 3):
 PSYoungGen      total 573952K, used 548352K [0x000000076ab00000, 0x0000000798d00000, 0x00000007c0000000)
  eden space 548352K, 100% used [0x000000076ab00000,0x000000078c280000,0x000000078c280000)
  from space 25600K, 0% used [0x000000078c280000,0x000000078c280000,0x000000078db80000)
  to   space 29184K, 0% used [0x0000000797080000,0x0000000797080000,0x0000000798d00000)
 ParOldGen       total 250880K, used 74659K [0x00000006c0000000, 0x00000006cf500000, 0x000000076ab00000)
  object space 250880K, 29% used [0x00000006c0000000,0x00000006c48e8ce0,0x00000006cf500000)
 Metaspace       used 47173K, capacity 59264K, committed 59392K, reserved 1091584K
  class space    used 12039K, capacity 16299K, committed 16384K, reserved 1048576K
Event: 13.422 GC heap after
Heap after GC invocations=15 (full 3):
 PSYoungGen      total 675328K, used 1760K [0x000000076ab00000, 0x0000000797480000, 0x00000007c0000000)
  eden space 671232K, 0% used [0x000000076ab00000,0x000000076ab00000,0x0000000793a80000)
  from space 4096K, 42% used [0x0000000797080000,0x0000000797238000,0x0000000797480000)
  to   space 29696K, 0% used [0x0000000793a80000,0x0000000793a80000,0x0000000795780000)
 ParOldGen       total 250880K, used 74667K [0x00000006c0000000, 0x00000006cf500000, 0x000000076ab00000)
  object space 250880K, 29% used [0x00000006c0000000,0x00000006c48eace0,0x00000006cf500000)
 Metaspace       used 47173K, capacity 59264K, committed 59392K, reserved 1091584K
  class space    used 12039K, capacity 16299K, committed 16384K, reserved 1048576K
}
Event: 14.606 GC heap before
{Heap before GC invocations=16 (full 3):
 PSYoungGen      total 675328K, used 672992K [0x000000076ab00000, 0x0000000797480000, 0x00000007c0000000)
  eden space 671232K, 100% used [0x000000076ab00000,0x0000000793a80000,0x0000000793a80000)
  from space 4096K, 42% used [0x0000000797080000,0x0000000797238000,0x0000000797480000)
  to   space 29696K, 0% used [0x0000000793a80000,0x0000000793a80000,0x0000000795780000)
 ParOldGen       total 250880K, used 74667K [0x00000006c0000000, 0x00000006cf500000, 0x000000076ab00000)
  object space 250880K, 29% used [0x00000006c0000000,0x00000006c48eace0,0x00000006cf500000)
 Metaspace       used 51146K, capacity 65490K, committed 65536K, reserved 1097728K
  class space    used 13237K, capacity 18165K, committed 18176K, reserved 1048576K
Event: 14.616 GC heap after
Heap after GC invocations=16 (full 3):
 PSYoungGen      total 700928K, used 9224K [0x000000076ab00000, 0x000000079f600000, 0x00000007c0000000)
  eden space 671232K, 0% used [0x000000076ab00000,0x000000076ab00000,0x0000000793a80000)
  from space 29696K, 31% used [0x0000000793a80000,0x00000007943821a0,0x0000000795780000)
  to   space 29184K, 0% used [0x000000079d980000,0x000000079d980000,0x000000079f600000)
 ParOldGen       total 250880K, used 74675K [0x00000006c0000000, 0x00000006cf500000, 0x000000076ab00000)
  object space 250880K, 29% used [0x00000006c0000000,0x00000006c48ecce0,0x00000006cf500000)
 Metaspace       used 51146K, capacity 65490K, committed 65536K, reserved 1097728K
  class space    used 13237K, capacity 18165K, committed 18176K, reserved 1048576K
}

