# JRE version: OpenJDK Runtime Environment (8.0_252-b09) (build 1.8.0_252-b09)
# Java VM: OpenJDK 64-Bit Server VM (25.252-b09 mixed mode bsd-amd64 compressed oops)
Heap:
 PSYoungGen      total 785920K, used 269122K [0x000000076ab00000, 0x000000079e480000, 0x00000007c0000000)
  eden space 779776K, 33% used [0x000000076ab00000,0x000000077abec6a8,0x000000079a480000)
  from space 6144K, 98% used [0x000000079de80000,0x000000079e464550,0x000000079e480000)
  to   space 28672K, 0% used [0x000000079ac80000,0x000000079ac80000,0x000000079c880000)
 ParOldGen       total 257536K, used 73200K [0x00000006c0000000, 0x00000006cfb80000, 0x000000076ab00000)
  object space 257536K, 28% used [0x00000006c0000000,0x00000006c477c330,0x00000006cfb80000)
 Metaspace       used 56450K, capacity 75702K, committed 76032K, reserved 1103872K
  class space    used 15068K, capacity 21642K, committed 21760K, reserved 1048576K
GC Heap History (10 events):
Event: 20.661 GC heap before
{Heap before GC invocations=13 (full 2):
 PSYoungGen      total 520704K, used 509958K [0x000000076ab00000, 0x0000000795400000, 0x00000007c0000000)
  eden space 494080K, 100% used [0x000000076ab00000,0x0000000788d80000,0x0000000788d80000)
  from space 26624K, 59% used [0x000000078a700000,0x000000078b681a60,0x000000078c100000)
  to   space 26112K, 0% used [0x0000000788d80000,0x0000000788d80000,0x000000078a700000)
 ParOldGen       total 195072K, used 54278K [0x00000006c0000000, 0x00000006cbe80000, 0x000000076ab00000)
  object space 195072K, 27% used [0x00000006c0000000,0x00000006c35019c8,0x00000006cbe80000)
 Metaspace       used 44440K, capacity 56488K, committed 56832K, reserved 1089536K
  class space    used 11513K, capacity 15756K, committed 15872K, reserved 1048576K
Event: 20.680 GC heap after
Heap after GC invocations=13 (full 2):
 PSYoungGen      total 520192K, used 24463K [0x000000076ab00000, 0x0000000794a80000, 0x00000007c0000000)
  eden space 494080K, 0% used [0x000000076ab00000,0x000000076ab00000,0x0000000788d80000)
  from space 26112K, 93% used [0x0000000788d80000,0x000000078a563f20,0x000000078a700000)
  to   space 29184K, 0% used [0x0000000792e00000,0x0000000792e00000,0x0000000794a80000)
 ParOldGen       total 195072K, used 54286K [0x00000006c0000000, 0x00000006cbe80000, 0x000000076ab00000)
  object space 195072K, 27% used [0x00000006c0000000,0x00000006c35039c8,0x00000006cbe80000)
 Metaspace       used 44440K, capacity 56488K, committed 56832K, reserved 1089536K
  class space    used 11513K, capacity 15756K, committed 15872K, reserved 1048576K
}
Event: 21.083 GC heap before
{Heap before GC invocations=14 (full 2):
 PSYoungGen      total 520192K, used 518543K [0x000000076ab00000, 0x0000000794a80000, 0x00000007c0000000)
  eden space 494080K, 100% used [0x000000076ab00000,0x0000000788d80000,0x0000000788d80000)
  from space 26112K, 93% used [0x0000000788d80000,0x000000078a563f20,0x000000078a700000)
  to   space 29184K, 0% used [0x0000000792e00000,0x0000000792e00000,0x0000000794a80000)
 ParOldGen       total 195072K, used 54286K [0x00000006c0000000, 0x00000006cbe80000, 0x000000076ab00000)
  object space 195072K, 27% used [0x00000006c0000000,0x00000006c35039c8,0x00000006cbe80000)
 Metaspace       used 44796K, capacity 56924K, committed 57216K, reserved 1091584K
  class space    used 11652K, capacity 15936K, committed 16000K, reserved 1048576K
Event: 21.099 GC heap after
Heap after GC invocations=14 (full 2):
 PSYoungGen      total 659968K, used 14584K [0x000000076ab00000, 0x0000000794c80000, 0x00000007c0000000)
  eden space 630784K, 0% used [0x000000076ab00000,0x000000076ab00000,0x0000000791300000)
  from space 29184K, 49% used [0x0000000792e00000,0x0000000793c3e010,0x0000000794a80000)
  to   space 27648K, 0% used [0x0000000791300000,0x0000000791300000,0x0000000792e00000)
 ParOldGen       total 195072K, used 54294K [0x00000006c0000000, 0x00000006cbe80000, 0x000000076ab00000)
  object space 195072K, 27% used [0x00000006c0000000,0x00000006c35059c8,0x00000006cbe80000)
 Metaspace       used 44796K, capacity 56924K, committed 57216K, reserved 1091584K
  class space    used 11652K, capacity 15936K, committed 16000K, reserved 1048576K
}
Event: 21.678 GC heap before
{Heap before GC invocations=15 (full 2):
 PSYoungGen      total 659968K, used 529722K [0x000000076ab00000, 0x0000000794c80000, 0x00000007c0000000)
  eden space 630784K, 81% used [0x000000076ab00000,0x000000078a210928,0x0000000791300000)
  from space 29184K, 49% used [0x0000000792e00000,0x0000000793c3e010,0x0000000794a80000)
  to   space 27648K, 0% used [0x0000000791300000,0x0000000791300000,0x0000000792e00000)
 ParOldGen       total 195072K, used 54294K [0x00000006c0000000, 0x00000006cbe80000, 0x000000076ab00000)
  object space 195072K, 27% used [0x00000006c0000000,0x00000006c35059c8,0x00000006cbe80000)
 Metaspace       used 46049K, capacity 59106K, committed 59160K, reserved 1091584K
  class space    used 12061K, capacity 16602K, committed 16640K, reserved 1048576K
Event: 21.698 GC heap after
Heap after GC invocations=15 (full 2):
 PSYoungGen      total 658432K, used 19762K [0x000000076ab00000, 0x000000079fa00000, 0x00000007c0000000)
  eden space 630784K, 0% used [0x000000076ab00000,0x000000076ab00000,0x0000000791300000)
  from space 27648K, 71% used [0x0000000791300000,0x000000079264ca00,0x0000000792e00000)
  to   space 28160K, 0% used [0x000000079de80000,0x000000079de80000,0x000000079fa00000)
 ParOldGen       total 195072K, used 54302K [0x00000006c0000000, 0x00000006cbe80000, 0x000000076ab00000)
  object space 195072K, 27% used [0x00000006c0000000,0x00000006c35079c8,0x00000006cbe80000)
 Metaspace       used 46049K, capacity 59106K, committed 59160K, reserved 1091584K
  class space    used 12061K, capacity 16602K, committed 16640K, reserved 1048576K
}
Event: 21.698 GC heap before
{Heap before GC invocations=16 (full 3):
 PSYoungGen      total 658432K, used 19762K [0x000000076ab00000, 0x000000079fa00000, 0x00000007c0000000)
  eden space 630784K, 0% used [0x000000076ab00000,0x000000076ab00000,0x0000000791300000)
  from space 27648K, 71% used [0x0000000791300000,0x000000079264ca00,0x0000000792e00000)
  to   space 28160K, 0% used [0x000000079de80000,0x000000079de80000,0x000000079fa00000)
 ParOldGen       total 195072K, used 54302K [0x00000006c0000000, 0x00000006cbe80000, 0x000000076ab00000)
  object space 195072K, 27% used [0x00000006c0000000,0x00000006c35079c8,0x00000006cbe80000)
 Metaspace       used 46049K, capacity 59106K, committed 59160K, reserved 1091584K
  class space    used 12061K, capacity 16602K, committed 16640K, reserved 1048576K
Event: 21.975 GC heap after
Heap after GC invocations=16 (full 3):
 PSYoungGen      total 658432K, used 0K [0x000000076ab00000, 0x000000079fa00000, 0x00000007c0000000)
  eden space 630784K, 0% used [0x000000076ab00000,0x000000076ab00000,0x0000000791300000)
  from space 27648K, 0% used [0x0000000791300000,0x0000000791300000,0x0000000792e00000)
  to   space 28160K, 0% used [0x000000079de80000,0x000000079de80000,0x000000079fa00000)
 ParOldGen       total 257536K, used 73192K [0x00000006c0000000, 0x00000006cfb80000, 0x000000076ab00000)
  object space 257536K, 28% used [0x00000006c0000000,0x00000006c477a330,0x00000006cfb80000)
 Metaspace       used 46049K, capacity 59106K, committed 59160K, reserved 1091584K
  class space    used 12061K, capacity 16602K, committed 16640K, reserved 1048576K
}
Event: 23.570 GC heap before
{Heap before GC invocations=17 (full 3):
 PSYoungGen      total 658432K, used 630784K [0x000000076ab00000, 0x000000079fa00000, 0x00000007c0000000)
  eden space 630784K, 100% used [0x000000076ab00000,0x0000000791300000,0x0000000791300000)
  from space 27648K, 0% used [0x0000000791300000,0x0000000791300000,0x0000000792e00000)
  to   space 28160K, 0% used [0x000000079de80000,0x000000079de80000,0x000000079fa00000)
 ParOldGen       total 257536K, used 73192K [0x00000006c0000000, 0x00000006cfb80000, 0x000000076ab00000)
  object space 257536K, 28% used [0x00000006c0000000,0x00000006c477a330,0x00000006cfb80000)
 Metaspace       used 51757K, capacity 68866K, committed 68992K, reserved 1099776K
  class space    used 13739K, capacity 19516K, committed 19584K, reserved 1048576K
Event: 23.581 GC heap after
Heap after GC invocations=17 (full 3):
 PSYoungGen      total 785920K, used 6033K [0x000000076ab00000, 0x000000079e480000, 0x00000007c0000000)
  eden space 779776K, 0% used [0x000000076ab00000,0x000000076ab00000,0x000000079a480000)
  from space 6144K, 98% used [0x000000079de80000,0x000000079e464550,0x000000079e480000)
  to   space 28672K, 0% used [0x000000079ac80000,0x000000079ac80000,0x000000079c880000)
 ParOldGen       total 257536K, used 73200K [0x00000006c0000000, 0x00000006cfb80000, 0x000000076ab00000)
  object space 257536K, 28% used [0x00000006c0000000,0x00000006c477c330,0x00000006cfb80000)
 Metaspace       used 51757K, capacity 68866K, committed 68992K, reserved 1099776K
  class space    used 13739K, capacity 19516K, committed 19584K, reserved 1048576K
}

