# JRE version: OpenJDK Runtime Environment (8.0_252-b09) (build 1.8.0_252-b09)
# Java VM: OpenJDK 64-Bit Server VM (25.252-b09 mixed mode bsd-amd64 compressed oops)
Heap:
 PSYoungGen      total 753152K, used 214919K [0x000000076ab00000, 0x000000079ac80000, 0x00000007c0000000)
  eden space 730624K, 27% used [0x000000076ab00000,0x0000000776eb9808,0x0000000797480000)
  from space 22528K, 64% used [0x0000000799680000,0x000000079a4a8550,0x000000079ac80000)
  to   space 28672K, 0% used [0x0000000797480000,0x0000000797480000,0x0000000799080000)
 ParOldGen       total 295936K, used 73384K [0x00000006c0000000, 0x00000006d2100000, 0x000000076ab00000)
  object space 295936K, 24% used [0x00000006c0000000,0x00000006c47aa190,0x00000006d2100000)
 Metaspace       used 58980K, capacity 78160K, committed 78488K, reserved 1105920K
  class space    used 15517K, capacity 22067K, committed 22168K, reserved 1048576K
GC Heap History (10 events):
Event: 44.250 GC heap before
{Heap before GC invocations=11 (full 2):
 PSYoungGen      total 528384K, used 427068K [0x000000076ab00000, 0x0000000798b80000, 0x00000007c0000000)
  eden space 499712K, 82% used [0x000000076ab00000,0x0000000783e529f0,0x0000000789300000)
  from space 28672K, 49% used [0x000000078ad80000,0x000000078bb3c918,0x000000078c980000)
  to   space 27136K, 0% used [0x0000000789300000,0x0000000789300000,0x000000078ad80000)
 ParOldGen       total 224256K, used 54227K [0x00000006c0000000, 0x00000006cdb00000, 0x000000076ab00000)
  object space 224256K, 24% used [0x00000006c0000000,0x00000006c34f4e68,0x00000006cdb00000)
 Metaspace       used 46953K, capacity 58988K, committed 59160K, reserved 1091584K
  class space    used 11904K, capacity 16151K, committed 16152K, reserved 1048576K
Event: 44.264 GC heap after
Heap after GC invocations=11 (full 2):
 PSYoungGen      total 526848K, used 24425K [0x000000076ab00000, 0x0000000793800000, 0x00000007c0000000)
  eden space 499712K, 0% used [0x000000076ab00000,0x000000076ab00000,0x0000000789300000)
  from space 27136K, 90% used [0x0000000789300000,0x000000078aada738,0x000000078ad80000)
  to   space 29696K, 0% used [0x0000000791b00000,0x0000000791b00000,0x0000000793800000)
 ParOldGen       total 224256K, used 54235K [0x00000006c0000000, 0x00000006cdb00000, 0x000000076ab00000)
  object space 224256K, 24% used [0x00000006c0000000,0x00000006c34f6e68,0x00000006cdb00000)
 Metaspace       used 46953K, capacity 58988K, committed 59160K, reserved 1091584K
  class space    used 11904K, capacity 16151K, committed 16152K, reserved 1048576K
}
Event: 44.264 GC heap before
{Heap before GC invocations=12 (full 3):
 PSYoungGen      total 526848K, used 24425K [0x000000076ab00000, 0x0000000793800000, 0x00000007c0000000)
  eden space 499712K, 0% used [0x000000076ab00000,0x000000076ab00000,0x0000000789300000)
  from space 27136K, 90% used [0x0000000789300000,0x000000078aada738,0x000000078ad80000)
  to   space 29696K, 0% used [0x0000000791b00000,0x0000000791b00000,0x0000000793800000)
 ParOldGen       total 224256K, used 54235K [0x00000006c0000000, 0x00000006cdb00000, 0x000000076ab00000)
  object space 224256K, 24% used [0x00000006c0000000,0x00000006c34f6e68,0x00000006cdb00000)
 Metaspace       used 46953K, capacity 58988K, committed 59160K, reserved 1091584K
  class space    used 11904K, capacity 16151K, committed 16152K, reserved 1048576K
Event: 44.525 GC heap after
Heap after GC invocations=12 (full 3):
 PSYoungGen      total 526848K, used 0K [0x000000076ab00000, 0x0000000793800000, 0x00000007c0000000)
  eden space 499712K, 0% used [0x000000076ab00000,0x000000076ab00000,0x0000000789300000)
  from space 27136K, 0% used [0x0000000789300000,0x0000000789300000,0x000000078ad80000)
  to   space 29696K, 0% used [0x0000000791b00000,0x0000000791b00000,0x0000000793800000)
 ParOldGen       total 295936K, used 73360K [0x00000006c0000000, 0x00000006d2100000, 0x000000076ab00000)
  object space 295936K, 24% used [0x00000006c0000000,0x00000006c47a4190,0x00000006d2100000)
 Metaspace       used 46953K, capacity 58988K, committed 59160K, reserved 1091584K
  class space    used 11904K, capacity 16151K, committed 16152K, reserved 1048576K
}
Event: 44.959 GC heap before
{Heap before GC invocations=13 (full 3):
 PSYoungGen      total 526848K, used 499712K [0x000000076ab00000, 0x0000000793800000, 0x00000007c0000000)
  eden space 499712K, 100% used [0x000000076ab00000,0x0000000789300000,0x0000000789300000)
  from space 27136K, 0% used [0x0000000789300000,0x0000000789300000,0x000000078ad80000)
  to   space 29696K, 0% used [0x0000000791b00000,0x0000000791b00000,0x0000000793800000)
 ParOldGen       total 295936K, used 73360K [0x00000006c0000000, 0x00000006d2100000, 0x000000076ab00000)
  object space 295936K, 24% used [0x00000006c0000000,0x00000006c47a4190,0x00000006d2100000)
 Metaspace       used 47483K, capacity 59638K, committed 59800K, reserved 1093632K
  class space    used 12116K, capacity 16425K, committed 16536K, reserved 1048576K
Event: 44.962 GC heap after
Heap after GC invocations=13 (full 3):
 PSYoungGen      total 638464K, used 2957K [0x000000076ab00000, 0x0000000793900000, 0x00000007c0000000)
  eden space 608768K, 0% used [0x000000076ab00000,0x000000076ab00000,0x000000078fd80000)
  from space 29696K, 9% used [0x0000000791b00000,0x0000000791de3518,0x0000000793800000)
  to   space 30208K, 0% used [0x000000078fd80000,0x000000078fd80000,0x0000000791b00000)
 ParOldGen       total 295936K, used 73368K [0x00000006c0000000, 0x00000006d2100000, 0x000000076ab00000)
  object space 295936K, 24% used [0x00000006c0000000,0x00000006c47a6190,0x00000006d2100000)
 Metaspace       used 47483K, capacity 59638K, committed 59800K, reserved 1093632K
  class space    used 12116K, capacity 16425K, committed 16536K, reserved 1048576K
}
Event: 45.794 GC heap before
{Heap before GC invocations=14 (full 3):
 PSYoungGen      total 638464K, used 611725K [0x000000076ab00000, 0x0000000793900000, 0x00000007c0000000)
  eden space 608768K, 100% used [0x000000076ab00000,0x000000078fd80000,0x000000078fd80000)
  from space 29696K, 9% used [0x0000000791b00000,0x0000000791de3518,0x0000000793800000)
  to   space 30208K, 0% used [0x000000078fd80000,0x000000078fd80000,0x0000000791b00000)
 ParOldGen       total 295936K, used 73368K [0x00000006c0000000, 0x00000006d2100000, 0x000000076ab00000)
  object space 295936K, 24% used [0x00000006c0000000,0x00000006c47a6190,0x00000006d2100000)
 Metaspace       used 49962K, capacity 63686K, committed 63768K, reserved 1095680K
  class space    used 12871K, capacity 17637K, committed 17688K, reserved 1048576K
Event: 45.803 GC heap after
Heap after GC invocations=14 (full 3):
 PSYoungGen      total 638976K, used 9096K [0x000000076ab00000, 0x000000079b380000, 0x00000007c0000000)
  eden space 608768K, 0% used [0x000000076ab00000,0x000000076ab00000,0x000000078fd80000)
  from space 30208K, 30% used [0x000000078fd80000,0x00000007906621a0,0x0000000791b00000)
  to   space 29696K, 0% used [0x0000000799680000,0x0000000799680000,0x000000079b380000)
 ParOldGen       total 295936K, used 73376K [0x00000006c0000000, 0x00000006d2100000, 0x000000076ab00000)
  object space 295936K, 24% used [0x00000006c0000000,0x00000006c47a8190,0x00000006d2100000)
 Metaspace       used 49962K, capacity 63686K, committed 63768K, reserved 1095680K
  class space    used 12871K, capacity 17637K, committed 17688K, reserved 1048576K
}
Event: 47.196 GC heap before
{Heap before GC invocations=15 (full 3):
 PSYoungGen      total 638976K, used 617864K [0x000000076ab00000, 0x000000079b380000, 0x00000007c0000000)
  eden space 608768K, 100% used [0x000000076ab00000,0x000000078fd80000,0x000000078fd80000)
  from space 30208K, 30% used [0x000000078fd80000,0x00000007906621a0,0x0000000791b00000)
  to   space 29696K, 0% used [0x0000000799680000,0x0000000799680000,0x000000079b380000)
 ParOldGen       total 295936K, used 73376K [0x00000006c0000000, 0x00000006d2100000, 0x000000076ab00000)
  object space 295936K, 24% used [0x00000006c0000000,0x00000006c47a8190,0x00000006d2100000)
 Metaspace       used 55311K, capacity 73154K, committed 73368K, reserved 1101824K
  class space    used 14472K, capacity 20510K, committed 20632K, reserved 1048576K
Event: 47.211 GC heap after
Heap after GC invocations=15 (full 3):
 PSYoungGen      total 753152K, used 14497K [0x000000076ab00000, 0x000000079ac80000, 0x00000007c0000000)
  eden space 730624K, 0% used [0x000000076ab00000,0x000000076ab00000,0x0000000797480000)
  from space 22528K, 64% used [0x0000000799680000,0x000000079a4a8550,0x000000079ac80000)
  to   space 28672K, 0% used [0x0000000797480000,0x0000000797480000,0x0000000799080000)
 ParOldGen       total 295936K, used 73384K [0x00000006c0000000, 0x00000006d2100000, 0x000000076ab00000)
  object space 295936K, 24% used [0x00000006c0000000,0x00000006c47aa190,0x00000006d2100000)
 Metaspace       used 55311K, capacity 73154K, committed 73368K, reserved 1101824K
  class space    used 14472K, capacity 20510K, committed 20632K, reserved 1048576K
}

