# JRE version: OpenJDK Runtime Environment (8.0_252-b09) (build 1.8.0_252-b09)
# Java VM: OpenJDK 64-Bit Server VM (25.252-b09 mixed mode bsd-amd64 compressed oops)
Heap:
 PSYoungGen      total 736256K, used 480600K [0x000000076ab00000, 0x000000079b200000, 0x00000007c0000000)
  eden space 730112K, 65% used [0x000000076ab00000,0x0000000787a87ea8,0x0000000797400000)
  from space 6144K, 96% used [0x000000079ac00000,0x000000079b1ce3d0,0x000000079b200000)
  to   space 29184K, 0% used [0x0000000797900000,0x0000000797900000,0x0000000799580000)
 ParOldGen       total 297472K, used 68761K [0x00000006c0000000, 0x00000006d2280000, 0x000000076ab00000)
  object space 297472K, 23% used [0x00000006c0000000,0x00000006c4326578,0x00000006d2280000)
 Metaspace       used 60607K, capacity 79858K, committed 80128K, reserved 1107968K
  class space    used 15565K, capacity 22159K, committed 22272K, reserved 1048576K
GC Heap History (10 events):
Event: 21.562 GC heap before
{Heap before GC invocations=11 (full 2):
 PSYoungGen      total 528384K, used 511758K [0x000000076ab00000, 0x0000000797200000, 0x00000007c0000000)
  eden space 500224K, 100% used [0x000000076ab00000,0x0000000789380000,0x0000000789380000)
  from space 28160K, 40% used [0x000000078ae00000,0x000000078b943aa0,0x000000078c980000)
  to   space 27136K, 0% used [0x0000000789380000,0x0000000789380000,0x000000078ae00000)
 ParOldGen       total 228352K, used 54215K [0x00000006c0000000, 0x00000006cdf00000, 0x000000076ab00000)
  object space 228352K, 23% used [0x00000006c0000000,0x00000006c34f1e30,0x00000006cdf00000)
 Metaspace       used 44683K, capacity 56818K, committed 56960K, reserved 1089536K
  class space    used 11607K, capacity 15874K, committed 16000K, reserved 1048576K
Event: 21.578 GC heap after
Heap after GC invocations=11 (full 2):
 PSYoungGen      total 527360K, used 25037K [0x000000076ab00000, 0x0000000793480000, 0x00000007c0000000)
  eden space 500224K, 0% used [0x000000076ab00000,0x000000076ab00000,0x0000000789380000)
  from space 27136K, 92% used [0x0000000789380000,0x000000078abf3478,0x000000078ae00000)
  to   space 30208K, 0% used [0x0000000791700000,0x0000000791700000,0x0000000793480000)
 ParOldGen       total 228352K, used 54223K [0x00000006c0000000, 0x00000006cdf00000, 0x000000076ab00000)
  object space 228352K, 23% used [0x00000006c0000000,0x00000006c34f3e30,0x00000006cdf00000)
 Metaspace       used 44683K, capacity 56818K, committed 56960K, reserved 1089536K
  class space    used 11607K, capacity 15874K, committed 16000K, reserved 1048576K
}
Event: 21.887 GC heap before
{Heap before GC invocations=12 (full 2):
 PSYoungGen      total 527360K, used 525261K [0x000000076ab00000, 0x0000000793480000, 0x00000007c0000000)
  eden space 500224K, 100% used [0x000000076ab00000,0x0000000789380000,0x0000000789380000)
  from space 27136K, 92% used [0x0000000789380000,0x000000078abf3478,0x000000078ae00000)
  to   space 30208K, 0% used [0x0000000791700000,0x0000000791700000,0x0000000793480000)
 ParOldGen       total 228352K, used 54223K [0x00000006c0000000, 0x00000006cdf00000, 0x000000076ab00000)
  object space 228352K, 23% used [0x00000006c0000000,0x00000006c34f3e30,0x00000006cdf00000)
 Metaspace       used 44699K, capacity 56822K, committed 56960K, reserved 1089536K
  class space    used 11609K, capacity 15874K, committed 16000K, reserved 1048576K
Event: 21.900 GC heap after
Heap after GC invocations=12 (full 2):
 PSYoungGen      total 636416K, used 14227K [0x000000076ab00000, 0x0000000793f00000, 0x00000007c0000000)
  eden space 606208K, 0% used [0x000000076ab00000,0x000000076ab00000,0x000000078fb00000)
  from space 30208K, 47% used [0x0000000791700000,0x00000007924e4ec0,0x0000000793480000)
  to   space 28672K, 0% used [0x000000078fb00000,0x000000078fb00000,0x0000000791700000)
 ParOldGen       total 228352K, used 54231K [0x00000006c0000000, 0x00000006cdf00000, 0x000000076ab00000)
  object space 228352K, 23% used [0x00000006c0000000,0x00000006c34f5e30,0x00000006cdf00000)
 Metaspace       used 44699K, capacity 56822K, committed 56960K, reserved 1089536K
  class space    used 11609K, capacity 15874K, committed 16000K, reserved 1048576K
}
Event: 22.410 GC heap before
{Heap before GC invocations=13 (full 2):
 PSYoungGen      total 636416K, used 424891K [0x000000076ab00000, 0x0000000793f00000, 0x00000007c0000000)
  eden space 606208K, 67% used [0x000000076ab00000,0x0000000783c0a028,0x000000078fb00000)
  from space 30208K, 47% used [0x0000000791700000,0x00000007924e4ec0,0x0000000793480000)
  to   space 28672K, 0% used [0x000000078fb00000,0x000000078fb00000,0x0000000791700000)
 ParOldGen       total 228352K, used 54231K [0x00000006c0000000, 0x00000006cdf00000, 0x000000076ab00000)
  object space 228352K, 23% used [0x00000006c0000000,0x00000006c34f5e30,0x00000006cdf00000)
 Metaspace       used 45943K, capacity 59058K, committed 59160K, reserved 1091584K
  class space    used 12016K, capacity 16538K, committed 16640K, reserved 1048576K
Event: 22.430 GC heap after
Heap after GC invocations=13 (full 2):
 PSYoungGen      total 634880K, used 19378K [0x000000076ab00000, 0x000000079c880000, 0x00000007c0000000)
  eden space 606208K, 0% used [0x000000076ab00000,0x000000076ab00000,0x000000078fb00000)
  from space 28672K, 67% used [0x000000078fb00000,0x0000000790deca00,0x0000000791700000)
  to   space 29184K, 0% used [0x000000079ac00000,0x000000079ac00000,0x000000079c880000)
 ParOldGen       total 228352K, used 54239K [0x00000006c0000000, 0x00000006cdf00000, 0x000000076ab00000)
  object space 228352K, 23% used [0x00000006c0000000,0x00000006c34f7e30,0x00000006cdf00000)
 Metaspace       used 45943K, capacity 59058K, committed 59160K, reserved 1091584K
  class space    used 12016K, capacity 16538K, committed 16640K, reserved 1048576K
}
Event: 22.430 GC heap before
{Heap before GC invocations=14 (full 3):
 PSYoungGen      total 634880K, used 19378K [0x000000076ab00000, 0x000000079c880000, 0x00000007c0000000)
  eden space 606208K, 0% used [0x000000076ab00000,0x000000076ab00000,0x000000078fb00000)
  from space 28672K, 67% used [0x000000078fb00000,0x0000000790deca00,0x0000000791700000)
  to   space 29184K, 0% used [0x000000079ac00000,0x000000079ac00000,0x000000079c880000)
 ParOldGen       total 228352K, used 54239K [0x00000006c0000000, 0x00000006cdf00000, 0x000000076ab00000)
  object space 228352K, 23% used [0x00000006c0000000,0x00000006c34f7e30,0x00000006cdf00000)
 Metaspace       used 45943K, capacity 59058K, committed 59160K, reserved 1091584K
  class space    used 12016K, capacity 16538K, committed 16640K, reserved 1048576K
Event: 22.706 GC heap after
Heap after GC invocations=14 (full 3):
 PSYoungGen      total 634880K, used 0K [0x000000076ab00000, 0x000000079c880000, 0x00000007c0000000)
  eden space 606208K, 0% used [0x000000076ab00000,0x000000076ab00000,0x000000078fb00000)
  from space 28672K, 0% used [0x000000078fb00000,0x000000078fb00000,0x0000000791700000)
  to   space 29184K, 0% used [0x000000079ac00000,0x000000079ac00000,0x000000079c880000)
 ParOldGen       total 297472K, used 68753K [0x00000006c0000000, 0x00000006d2280000, 0x000000076ab00000)
  object space 297472K, 23% used [0x00000006c0000000,0x00000006c4324578,0x00000006d2280000)
 Metaspace       used 45943K, capacity 59058K, committed 59160K, reserved 1091584K
  class space    used 12016K, capacity 16538K, committed 16640K, reserved 1048576K
}
Event: 24.256 GC heap before
{Heap before GC invocations=15 (full 3):
 PSYoungGen      total 634880K, used 606208K [0x000000076ab00000, 0x000000079c880000, 0x00000007c0000000)
  eden space 606208K, 100% used [0x000000076ab00000,0x000000078fb00000,0x000000078fb00000)
  from space 28672K, 0% used [0x000000078fb00000,0x000000078fb00000,0x0000000791700000)
  to   space 29184K, 0% used [0x000000079ac00000,0x000000079ac00000,0x000000079c880000)
 ParOldGen       total 297472K, used 68753K [0x00000006c0000000, 0x00000006d2280000, 0x000000076ab00000)
  object space 297472K, 23% used [0x00000006c0000000,0x00000006c4324578,0x00000006d2280000)
 Metaspace       used 51445K, capacity 67974K, committed 68224K, reserved 1097728K
  class space    used 13640K, capacity 19213K, committed 19328K, reserved 1048576K
Event: 24.264 GC heap after
Heap after GC invocations=15 (full 3):
 PSYoungGen      total 736256K, used 5944K [0x000000076ab00000, 0x000000079b200000, 0x00000007c0000000)
  eden space 730112K, 0% used [0x000000076ab00000,0x000000076ab00000,0x0000000797400000)
  from space 6144K, 96% used [0x000000079ac00000,0x000000079b1ce3d0,0x000000079b200000)
  to   space 29184K, 0% used [0x0000000797900000,0x0000000797900000,0x0000000799580000)
 ParOldGen       total 297472K, used 68761K [0x00000006c0000000, 0x00000006d2280000, 0x000000076ab00000)
  object space 297472K, 23% used [0x00000006c0000000,0x00000006c4326578,0x00000006d2280000)
 Metaspace       used 51445K, capacity 67974K, committed 68224K, reserved 1097728K
  class space    used 13640K, capacity 19213K, committed 19328K, reserved 1048576K
}

