# JRE version: OpenJDK Runtime Environment (8.0_252-b09) (build 1.8.0_252-b09)
# Java VM: OpenJDK 64-Bit Server VM (25.252-b09 mixed mode bsd-amd64 compressed oops)
Heap:
 PSYoungGen      total 752640K, used 154156K [0x000000076ab00000, 0x00000007a1c00000, 0x00000007c0000000)
  eden space 715264K, 19% used [0x000000076ab00000,0x00000007730206b0,0x0000000796580000)
  from space 37376K, 47% used [0x0000000796580000,0x00000007976eab48,0x0000000798a00000)
  to   space 35840K, 0% used [0x000000079f900000,0x000000079f900000,0x00000007a1c00000)
 ParOldGen       total 308736K, used 74848K [0x00000006c0000000, 0x00000006d2d80000, 0x000000076ab00000)
  object space 308736K, 24% used [0x00000006c0000000,0x00000006c49181e0,0x00000006d2d80000)
 Metaspace       used 60577K, capacity 79790K, committed 80128K, reserved 1107968K
  class space    used 15567K, capacity 22159K, committed 22272K, reserved 1048576K
GC Heap History (10 events):
Event: 17.517 GC heap before
{Heap before GC invocations=12 (full 2):
 PSYoungGen      total 537600K, used 148302K [0x000000076ab00000, 0x0000000794400000, 0x00000007c0000000)
  eden space 501248K, 23% used [0x000000076ab00000,0x0000000771dcb088,0x0000000789480000)
  from space 36352K, 84% used [0x0000000789480000,0x000000078b2888c0,0x000000078b800000)
  to   space 39936K, 0% used [0x0000000791d00000,0x0000000791d00000,0x0000000794400000)
 ParOldGen       total 250880K, used 74783K [0x00000006c0000000, 0x00000006cf500000, 0x000000076ab00000)
  object space 250880K, 29% used [0x00000006c0000000,0x00000006c4907c78,0x00000006cf500000)
 Metaspace       used 47572K, capacity 59094K, committed 59160K, reserved 1093632K
  class space    used 11589K, capacity 15552K, committed 15616K, reserved 1048576K
Event: 17.531 GC heap after
Heap after GC invocations=12 (full 2):
 PSYoungGen      total 643072K, used 17249K [0x000000076ab00000, 0x0000000794900000, 0x00000007c0000000)
  eden space 603136K, 0% used [0x000000076ab00000,0x000000076ab00000,0x000000078f800000)
  from space 39936K, 43% used [0x0000000791d00000,0x0000000792dd8538,0x0000000794400000)
  to   space 37888K, 0% used [0x000000078f800000,0x000000078f800000,0x0000000791d00000)
 ParOldGen       total 250880K, used 74791K [0x00000006c0000000, 0x00000006cf500000, 0x000000076ab00000)
  object space 250880K, 29% used [0x00000006c0000000,0x00000006c4909c78,0x00000006cf500000)
 Metaspace       used 47572K, capacity 59094K, committed 59160K, reserved 1093632K
  class space    used 11589K, capacity 15552K, committed 15616K, reserved 1048576K
}
Event: 17.531 GC heap before
{Heap before GC invocations=13 (full 3):
 PSYoungGen      total 643072K, used 17249K [0x000000076ab00000, 0x0000000794900000, 0x00000007c0000000)
  eden space 603136K, 0% used [0x000000076ab00000,0x000000076ab00000,0x000000078f800000)
  from space 39936K, 43% used [0x0000000791d00000,0x0000000792dd8538,0x0000000794400000)
  to   space 37888K, 0% used [0x000000078f800000,0x000000078f800000,0x0000000791d00000)
 ParOldGen       total 250880K, used 74791K [0x00000006c0000000, 0x00000006cf500000, 0x000000076ab00000)
  object space 250880K, 29% used [0x00000006c0000000,0x00000006c4909c78,0x00000006cf500000)
 Metaspace       used 47572K, capacity 59094K, committed 59160K, reserved 1093632K
  class space    used 11589K, capacity 15552K, committed 15616K, reserved 1048576K
Event: 17.742 GC heap after
Heap after GC invocations=13 (full 3):
 PSYoungGen      total 643072K, used 0K [0x000000076ab00000, 0x0000000794900000, 0x00000007c0000000)
  eden space 603136K, 0% used [0x000000076ab00000,0x000000076ab00000,0x000000078f800000)
  from space 39936K, 0% used [0x0000000791d00000,0x0000000791d00000,0x0000000794400000)
  to   space 37888K, 0% used [0x000000078f800000,0x000000078f800000,0x0000000791d00000)
 ParOldGen       total 308736K, used 74824K [0x00000006c0000000, 0x00000006d2d80000, 0x000000076ab00000)
  object space 308736K, 24% used [0x00000006c0000000,0x00000006c49121e0,0x00000006d2d80000)
 Metaspace       used 47572K, capacity 59094K, committed 59160K, reserved 1093632K
  class space    used 11589K, capacity 15552K, committed 15616K, reserved 1048576K
}
Event: 18.455 GC heap before
{Heap before GC invocations=14 (full 3):
 PSYoungGen      total 643072K, used 603136K [0x000000076ab00000, 0x0000000794900000, 0x00000007c0000000)
  eden space 603136K, 100% used [0x000000076ab00000,0x000000078f800000,0x000000078f800000)
  from space 39936K, 0% used [0x0000000791d00000,0x0000000791d00000,0x0000000794400000)
  to   space 37888K, 0% used [0x000000078f800000,0x000000078f800000,0x0000000791d00000)
 ParOldGen       total 308736K, used 74824K [0x00000006c0000000, 0x00000006d2d80000, 0x000000076ab00000)
  object space 308736K, 24% used [0x00000006c0000000,0x00000006c49121e0,0x00000006d2d80000)
 Metaspace       used 48948K, capacity 61120K, committed 61336K, reserved 1093632K
  class space    used 12150K, capacity 16450K, committed 16512K, reserved 1048576K
Event: 18.461 GC heap after
Heap after GC invocations=14 (full 3):
 PSYoungGen      total 641024K, used 4533K [0x000000076ab00000, 0x000000079b800000, 0x00000007c0000000)
  eden space 603136K, 0% used [0x000000076ab00000,0x000000076ab00000,0x000000078f800000)
  from space 37888K, 11% used [0x000000078f800000,0x000000078fc6d508,0x0000000791d00000)
  to   space 38400K, 0% used [0x0000000799280000,0x0000000799280000,0x000000079b800000)
 ParOldGen       total 308736K, used 74832K [0x00000006c0000000, 0x00000006d2d80000, 0x000000076ab00000)
  object space 308736K, 24% used [0x00000006c0000000,0x00000006c49141e0,0x00000006d2d80000)
 Metaspace       used 48948K, capacity 61120K, committed 61336K, reserved 1093632K
  class space    used 12150K, capacity 16450K, committed 16512K, reserved 1048576K
}
Event: 19.400 GC heap before
{Heap before GC invocations=15 (full 3):
 PSYoungGen      total 641024K, used 607669K [0x000000076ab00000, 0x000000079b800000, 0x00000007c0000000)
  eden space 603136K, 100% used [0x000000076ab00000,0x000000078f800000,0x000000078f800000)
  from space 37888K, 11% used [0x000000078f800000,0x000000078fc6d508,0x0000000791d00000)
  to   space 38400K, 0% used [0x0000000799280000,0x0000000799280000,0x000000079b800000)
 ParOldGen       total 308736K, used 74832K [0x00000006c0000000, 0x00000006d2d80000, 0x000000076ab00000)
  object space 308736K, 24% used [0x00000006c0000000,0x00000006c49141e0,0x00000006d2d80000)
 Metaspace       used 51731K, capacity 65600K, committed 65792K, reserved 1097728K
  class space    used 12995K, capacity 17814K, committed 17920K, reserved 1048576K
Event: 19.412 GC heap after
Heap after GC invocations=15 (full 3):
 PSYoungGen      total 743936K, used 10552K [0x000000076ab00000, 0x000000079ae80000, 0x00000007c0000000)
  eden space 715264K, 0% used [0x000000076ab00000,0x000000076ab00000,0x0000000796580000)
  from space 28672K, 36% used [0x0000000799280000,0x0000000799cce190,0x000000079ae80000)
  to   space 37376K, 0% used [0x0000000796580000,0x0000000796580000,0x0000000798a00000)
 ParOldGen       total 308736K, used 74840K [0x00000006c0000000, 0x00000006d2d80000, 0x000000076ab00000)
  object space 308736K, 24% used [0x00000006c0000000,0x00000006c49161e0,0x00000006d2d80000)
 Metaspace       used 51731K, capacity 65600K, committed 65792K, reserved 1097728K
  class space    used 12995K, capacity 17814K, committed 17920K, reserved 1048576K
}
Event: 23.111 GC heap before
{Heap before GC invocations=16 (full 3):
 PSYoungGen      total 743936K, used 725816K [0x000000076ab00000, 0x000000079ae80000, 0x00000007c0000000)
  eden space 715264K, 100% used [0x000000076ab00000,0x0000000796580000,0x0000000796580000)
  from space 28672K, 36% used [0x0000000799280000,0x0000000799cce190,0x000000079ae80000)
  to   space 37376K, 0% used [0x0000000796580000,0x0000000796580000,0x0000000798a00000)
 ParOldGen       total 308736K, used 74840K [0x00000006c0000000, 0x00000006d2d80000, 0x000000076ab00000)
  object space 308736K, 24% used [0x00000006c0000000,0x00000006c49161e0,0x00000006d2d80000)
 Metaspace       used 59906K, capacity 78908K, committed 78976K, reserved 1105920K
  class space    used 15386K, capacity 21850K, committed 21888K, reserved 1048576K
Event: 23.129 GC heap after
Heap after GC invocations=16 (full 3):
 PSYoungGen      total 752640K, used 17834K [0x000000076ab00000, 0x00000007a1c00000, 0x00000007c0000000)
  eden space 715264K, 0% used [0x000000076ab00000,0x000000076ab00000,0x0000000796580000)
  from space 37376K, 47% used [0x0000000796580000,0x00000007976eab48,0x0000000798a00000)
  to   space 35840K, 0% used [0x000000079f900000,0x000000079f900000,0x00000007a1c00000)
 ParOldGen       total 308736K, used 74848K [0x00000006c0000000, 0x00000006d2d80000, 0x000000076ab00000)
  object space 308736K, 24% used [0x00000006c0000000,0x00000006c49181e0,0x00000006d2d80000)
 Metaspace       used 59906K, capacity 78908K, committed 78976K, reserved 1105920K
  class space    used 15386K, capacity 21850K, committed 21888K, reserved 1048576K
}

