# JRE version: OpenJDK Runtime Environment (8.0_252-b09) (build 1.8.0_252-b09)
# Java VM: OpenJDK 64-Bit Server VM (25.252-b09 mixed mode bsd-amd64 compressed oops)
Heap:
 PSYoungGen      total 1144832K, used 302947K [0x000000076ab00000, 0x00000007c0000000, 0x00000007c0000000)
  eden space 1112576K, 26% used [0x000000076ab00000,0x000000077c79ec68,0x00000007ae980000)
  from space 32256K, 35% used [0x00000007ae980000,0x00000007af4ba1b0,0x00000007b0900000)
  to   space 31232K, 0% used [0x00000007be180000,0x00000007be180000,0x00000007c0000000)
 ParOldGen       total 238592K, used 86971K [0x00000006c0000000, 0x00000006ce900000, 0x000000076ab00000)
  object space 238592K, 36% used [0x00000006c0000000,0x00000006c54eec18,0x00000006ce900000)
 Metaspace       used 63440K, capacity 82758K, committed 83072K, reserved 1110016K
  class space    used 16037K, capacity 22593K, committed 22656K, reserved 1048576K
GC Heap History (10 events):
Event: 168.807 GC heap before
{Heap before GC invocations=10 (full 2):
 PSYoungGen      total 829440K, used 12323K [0x000000076ab00000, 0x000000079fc00000, 0x00000007c0000000)
  eden space 816640K, 0% used [0x000000076ab00000,0x000000076ab00000,0x000000079c880000)
  from space 12800K, 96% used [0x000000079ef80000,0x000000079fb88f78,0x000000079fc00000)
  to   space 26112K, 0% used [0x000000079c900000,0x000000079c900000,0x000000079e280000)
 ParOldGen       total 146944K, used 39968K [0x00000006c0000000, 0x00000006c8f80000, 0x000000076ab00000)
  object space 146944K, 27% used [0x00000006c0000000,0x00000006c2708070,0x00000006c8f80000)
 Metaspace       used 28541K, capacity 35362K, committed 35496K, reserved 1075200K
  class space    used 7249K, capacity 9625K, committed 9728K, reserved 1048576K
Event: 168.986 GC heap after
Heap after GC invocations=10 (full 2):
 PSYoungGen      total 829440K, used 0K [0x000000076ab00000, 0x000000079fc00000, 0x00000007c0000000)
  eden space 816640K, 0% used [0x000000076ab00000,0x000000076ab00000,0x000000079c880000)
  from space 12800K, 0% used [0x000000079ef80000,0x000000079ef80000,0x000000079fc00000)
  to   space 26112K, 0% used [0x000000079c900000,0x000000079c900000,0x000000079e280000)
 ParOldGen       total 183296K, used 51724K [0x00000006c0000000, 0x00000006cb300000, 0x000000076ab00000)
  object space 183296K, 28% used [0x00000006c0000000,0x00000006c3283398,0x00000006cb300000)
 Metaspace       used 28537K, capacity 35356K, committed 35496K, reserved 1075200K
  class space    used 7249K, capacity 9624K, committed 9728K, reserved 1048576K
}
Event: 174.035 GC heap before
{Heap before GC invocations=11 (full 2):
 PSYoungGen      total 829440K, used 786243K [0x000000076ab00000, 0x000000079fc00000, 0x00000007c0000000)
  eden space 816640K, 96% used [0x000000076ab00000,0x000000079aad0ce8,0x000000079c880000)
  from space 12800K, 0% used [0x000000079ef80000,0x000000079ef80000,0x000000079fc00000)
  to   space 26112K, 0% used [0x000000079c900000,0x000000079c900000,0x000000079e280000)
 ParOldGen       total 183296K, used 51724K [0x00000006c0000000, 0x00000006cb300000, 0x000000076ab00000)
  object space 183296K, 28% used [0x00000006c0000000,0x00000006c3283398,0x00000006cb300000)
 Metaspace       used 48398K, capacity 59090K, committed 59160K, reserved 1093632K
  class space    used 11371K, capacity 15034K, committed 15104K, reserved 1048576K
Event: 174.062 GC heap after
Heap after GC invocations=11 (full 2):
 PSYoungGen      total 843264K, used 26091K [0x000000076ab00000, 0x00000007b4100000, 0x00000007c0000000)
  eden space 817152K, 0% used [0x000000076ab00000,0x000000076ab00000,0x000000079c900000)
  from space 26112K, 99% used [0x000000079c900000,0x000000079e27aef0,0x000000079e280000)
  to   space 32256K, 0% used [0x00000007b2180000,0x00000007b2180000,0x00000007b4100000)
 ParOldGen       total 183296K, used 58008K [0x00000006c0000000, 0x00000006cb300000, 0x000000076ab00000)
  object space 183296K, 31% used [0x00000006c0000000,0x00000006c38a6068,0x00000006cb300000)
 Metaspace       used 48398K, capacity 59090K, committed 59160K, reserved 1093632K
  class space    used 11371K, capacity 15034K, committed 15104K, reserved 1048576K
}
Event: 174.062 GC heap before
{Heap before GC invocations=12 (full 3):
 PSYoungGen      total 843264K, used 26091K [0x000000076ab00000, 0x00000007b4100000, 0x00000007c0000000)
  eden space 817152K, 0% used [0x000000076ab00000,0x000000076ab00000,0x000000079c900000)
  from space 26112K, 99% used [0x000000079c900000,0x000000079e27aef0,0x000000079e280000)
  to   space 32256K, 0% used [0x00000007b2180000,0x00000007b2180000,0x00000007b4100000)
 ParOldGen       total 183296K, used 58008K [0x00000006c0000000, 0x00000006cb300000, 0x000000076ab00000)
  object space 183296K, 31% used [0x00000006c0000000,0x00000006c38a6068,0x00000006cb300000)
 Metaspace       used 48398K, capacity 59090K, committed 59160K, reserved 1093632K
  class space    used 11371K, capacity 15034K, committed 15104K, reserved 1048576K
Event: 174.305 GC heap after
Heap after GC invocations=12 (full 3):
 PSYoungGen      total 843264K, used 0K [0x000000076ab00000, 0x00000007b4100000, 0x00000007c0000000)
  eden space 817152K, 0% used [0x000000076ab00000,0x000000076ab00000,0x000000079c900000)
  from space 26112K, 0% used [0x000000079c900000,0x000000079c900000,0x000000079e280000)
  to   space 32256K, 0% used [0x00000007b2180000,0x00000007b2180000,0x00000007b4100000)
 ParOldGen       total 238592K, used 81039K [0x00000006c0000000, 0x00000006ce900000, 0x000000076ab00000)
  object space 238592K, 33% used [0x00000006c0000000,0x00000006c4f23fd0,0x00000006ce900000)
 Metaspace       used 48398K, capacity 59090K, committed 59160K, reserved 1093632K
  class space    used 11371K, capacity 15034K, committed 15104K, reserved 1048576K
}
Event: 175.438 GC heap before
{Heap before GC invocations=13 (full 3):
 PSYoungGen      total 843264K, used 817152K [0x000000076ab00000, 0x00000007b4100000, 0x00000007c0000000)
  eden space 817152K, 100% used [0x000000076ab00000,0x000000079c900000,0x000000079c900000)
  from space 26112K, 0% used [0x000000079c900000,0x000000079c900000,0x000000079e280000)
  to   space 32256K, 0% used [0x00000007b2180000,0x00000007b2180000,0x00000007b4100000)
 ParOldGen       total 238592K, used 81039K [0x00000006c0000000, 0x00000006ce900000, 0x000000076ab00000)
  object space 238592K, 33% used [0x00000006c0000000,0x00000006c4f23fd0,0x00000006ce900000)
 Metaspace       used 51865K, capacity 64034K, committed 64384K, reserved 1097728K
  class space    used 12633K, capacity 16918K, committed 17024K, reserved 1048576K
Event: 175.446 GC heap after
Heap after GC invocations=13 (full 3):
 PSYoungGen      total 1101312K, used 6735K [0x000000076ab00000, 0x00000007b2880000, 0x00000007c0000000)
  eden space 1094144K, 0% used [0x000000076ab00000,0x000000076ab00000,0x00000007ad780000)
  from space 7168K, 93% used [0x00000007b2180000,0x00000007b2813ee0,0x00000007b2880000)
  to   space 32256K, 0% used [0x00000007ae980000,0x00000007ae980000,0x00000007b0900000)
 ParOldGen       total 238592K, used 81047K [0x00000006c0000000, 0x00000006ce900000, 0x000000076ab00000)
  object space 238592K, 33% used [0x00000006c0000000,0x00000006c4f25fd0,0x00000006ce900000)
 Metaspace       used 51865K, capacity 64034K, committed 64384K, reserved 1097728K
  class space    used 12633K, capacity 16918K, committed 17024K, reserved 1048576K
}
Event: 177.723 GC heap before
{Heap before GC invocations=14 (full 3):
 PSYoungGen      total 1101312K, used 1100879K [0x000000076ab00000, 0x00000007b2880000, 0x00000007c0000000)
  eden space 1094144K, 100% used [0x000000076ab00000,0x00000007ad780000,0x00000007ad780000)
  from space 7168K, 93% used [0x00000007b2180000,0x00000007b2813ee0,0x00000007b2880000)
  to   space 32256K, 0% used [0x00000007ae980000,0x00000007ae980000,0x00000007b0900000)
 ParOldGen       total 238592K, used 81047K [0x00000006c0000000, 0x00000006ce900000, 0x000000076ab00000)
  object space 238592K, 33% used [0x00000006c0000000,0x00000006c4f25fd0,0x00000006ce900000)
 Metaspace       used 59559K, capacity 77372K, committed 77568K, reserved 1105920K
  class space    used 14948K, capacity 20961K, committed 20992K, reserved 1048576K
Event: 177.743 GC heap after
Heap after GC invocations=14 (full 3):
 PSYoungGen      total 1144832K, used 11496K [0x000000076ab00000, 0x00000007c0000000, 0x00000007c0000000)
  eden space 1112576K, 0% used [0x000000076ab00000,0x000000076ab00000,0x00000007ae980000)
  from space 32256K, 35% used [0x00000007ae980000,0x00000007af4ba1b0,0x00000007b0900000)
  to   space 31232K, 0% used [0x00000007be180000,0x00000007be180000,0x00000007c0000000)
 ParOldGen       total 238592K, used 86971K [0x00000006c0000000, 0x00000006ce900000, 0x000000076ab00000)
  object space 238592K, 36% used [0x00000006c0000000,0x00000006c54eec18,0x00000006ce900000)
 Metaspace       used 59559K, capacity 77372K, committed 77568K, reserved 1105920K
  class space    used 14948K, capacity 20961K, committed 20992K, reserved 1048576K
}

